<?xml version="1.0" encoding="UTF-8"?>
<!-- Generated by org.testng.reporters.JUnitReportReporter -->
<testsuite skipped="0" hostname="admin" name="DistributedParallel.CreateClass" tests="2" failures="0" timestamp="2022-11-15T14:06:46 IST" time="0.015" errors="0">
  <testcase name="ModifyCustomer" time="0.010" classname="DistributedParallel.CreateClass"/>
  <system-out>
    <![CDATA[ModifyCustomer]]>
  </system-out>
  <testcase name="customerCreate" time="0.005" classname="DistributedParallel.CreateClass"/>
  <system-out>
    <![CDATA[CreateCutomer]]>
  </system-out>
</testsuite> <!-- DistributedParallel.CreateClass -->
