<?xml version="1.0" encoding="UTF-8"?>
<!-- Generated by org.testng.reporters.JUnitReportReporter -->
<testsuite skipped="2" hostname="admin" name="parallelCompact.Cpmaoct" tests="2" failures="0" timestamp="2022-11-15T15:12:55 IST" time="0.000" errors="0">
  <testcase name="customerCreate" time="0.000" classname="parallelCompact.Cpmaoct">
    <skipped/>
  </testcase> <!-- customerCreate -->
  <system-out/>
  <testcase name="ModifyCustomer" time="0.000" classname="parallelCompact.Cpmaoct">
    <skipped/>
  </testcase> <!-- ModifyCustomer -->
  <system-out/>
</testsuite> <!-- parallelCompact.Cpmaoct -->
