<?xml version="1.0" encoding="UTF-8"?>
<!-- Generated by org.testng.reporters.JUnitReportReporter -->
<testsuite skipped="0" hostname="admin" name="com.Niosfear.script.Login" tests="1" failures="0" timestamp="2022-11-17T11:51:45 IST" time="28.450" errors="0">
  <testcase name="login1" time="28.450" classname="com.Niosfear.script.Login"/>
  <system-out>
    <![CDATA[test page]]>
  </system-out>
</testsuite> <!-- com.Niosfear.script.Login -->
