<?xml version="1.0" encoding="UTF-8"?>
<!-- Generated by org.testng.reporters.JUnitReportReporter -->
<testsuite skipped="0" hostname="admin" name="DistributedParallel.Modify" tests="2" failures="0" timestamp="2022-11-15T14:06:46 IST" time="0.019" errors="0">
  <testcase name="modifyReception" time="0.002" classname="DistributedParallel.Modify"/>
  <system-out>
    <![CDATA[modifyReception]]>
  </system-out>
  <testcase name="modifyCustomer" time="0.017" classname="DistributedParallel.Modify"/>
  <system-out>
    <![CDATA[modifyCustomer]]>
  </system-out>
</testsuite> <!-- DistributedParallel.Modify -->
