<?xml version="1.0" encoding="UTF-8"?>
<!-- Generated by org.testng.reporters.JUnitReportReporter -->
<testsuite skipped="2" hostname="admin" name="parallelCompact.Delete" tests="2" failures="0" timestamp="2022-11-15T15:12:55 IST" time="0.000" errors="0">
  <testcase name="deleteCustomer" time="0.000" classname="parallelCompact.Delete">
    <skipped/>
  </testcase> <!-- deleteCustomer -->
  <system-out/>
  <testcase name="deleteReception" time="0.000" classname="parallelCompact.Delete">
    <skipped/>
  </testcase> <!-- deleteReception -->
  <system-out/>
</testsuite> <!-- parallelCompact.Delete -->
