<?xml version="1.0" encoding="UTF-8"?>
<!-- Generated by org.testng.reporters.JUnitReportReporter -->
<testsuite skipped="0" hostname="admin" name="DistributedParallel.Delete" tests="2" failures="0" timestamp="2022-11-15T14:06:46 IST" time="0.009" errors="0">
  <testcase name="deleteCustomer" time="0.005" classname="DistributedParallel.Delete"/>
  <system-out>
    <![CDATA[DeleteCustomer]]>
  </system-out>
  <testcase name="deleteReception" time="0.004" classname="DistributedParallel.Delete"/>
  <system-out>
    <![CDATA[delteRecption]]>
  </system-out>
</testsuite> <!-- DistributedParallel.Delete -->
