<?xml version="1.0" encoding="UTF-8"?>
<!-- Generated by org.testng.reporters.JUnitReportReporter -->
<testsuite skipped="0" hostname="admin" name="com.actiTime.testScript.baseclass" tests="1" failures="0" timestamp="2022-11-02T21:48:27 IST" time="0.036" errors="0">
  <testcase name="test" time="0.036" classname="com.actiTime.testScript.baseclass"/>
  <system-out>
    <![CDATA[login]]>
  </system-out>
</testsuite> <!-- com.actiTime.testScript.baseclass -->
