<?xml version="1.0" encoding="UTF-8"?>
<!-- Generated by org.testng.reporters.JUnitReportReporter -->
<testsuite skipped="0" hostname="admin" name="com.Niosfear.generic.LipLIB" tests="1" failures="0" timestamp="2022-11-17T10:42:30 IST" time="0.028" errors="0">
  <testcase name="lib" time="0.028" classname="com.Niosfear.generic.LipLIB"/>
  <system-out/>
</testsuite> <!-- com.Niosfear.generic.LipLIB -->
