<?xml version="1.0" encoding="UTF-8"?>
<!-- Generated by org.testng.reporters.JUnitReportReporter -->
<testsuite skipped="0" hostname="admin" name="BatchExecution.Delete" tests="2" failures="0" timestamp="2022-11-11T08:18:51 IST" time="0.009" errors="0">
  <testcase name="deleteCustomer" time="0.002" classname="BatchExecution.Delete"/>
  <system-out>
    <![CDATA[DeleteCustomer]]>
  </system-out>
  <testcase name="deleteReception" time="0.007" classname="BatchExecution.Delete"/>
  <system-out>
    <![CDATA[delteRecption]]>
  </system-out>
</testsuite> <!-- BatchExecution.Delete -->
