<?xml version="1.0" encoding="UTF-8"?>
<!-- Generated by org.testng.reporters.JUnitReportReporter -->
<testsuite skipped="0" hostname="admin" name="BatchExecution.Customer" tests="2" failures="0" timestamp="2022-11-11T08:18:51 IST" time="0.030" errors="0">
  <testcase name="customerCreate" time="0.003" classname="BatchExecution.Customer"/>
  <system-out>
    <![CDATA[CreateCutomer]]>
  </system-out>
  <testcase name="ModifyCustomer" time="0.027" classname="BatchExecution.Customer"/>
  <system-out>
    <![CDATA[ModifyCustomer]]>
  </system-out>
</testsuite> <!-- BatchExecution.Customer -->
