<?xml version="1.0" encoding="UTF-8"?>
<!-- Generated by org.testng.reporters.JUnitReportReporter -->
<testsuite skipped="0" hostname="admin" name="UnitRegressionTesting.Unit" tests="1" failures="0" timestamp="2022-11-15T13:04:20 IST" time="0.013" errors="0">
  <testcase name="modifyModule" time="0.013" classname="UnitRegressionTesting.Unit"/>
  <system-out>
    <![CDATA[modifymodule]]>
  </system-out>
</testsuite> <!-- UnitRegressionTesting.Unit -->
