<?xml version="1.0" encoding="UTF-8"?>
<!-- Generated by org.testng.reporters.JUnitReportReporter -->
<testsuite skipped="0" hostname="admin" name="GroupExecution.Modify" tests="1" failures="0" timestamp="2022-11-11T08:47:57 IST" time="0.003" errors="0">
  <testcase name="modifyReception" time="0.003" classname="GroupExecution.Modify"/>
  <system-out>
    <![CDATA[modifyReception]]>
  </system-out>
</testsuite> <!-- GroupExecution.Modify -->
