<?xml version="1.0" encoding="UTF-8"?>
<!-- Generated by org.testng.reporters.JUnitReportReporter -->
<testsuite skipped="0" hostname="admin" name="GroupExecution.Customer" tests="1" failures="0" timestamp="2022-11-11T08:47:57 IST" time="0.015" errors="0">
  <testcase name="customerCreate" time="0.015" classname="GroupExecution.Customer"/>
  <system-out>
    <![CDATA[CreateCutomer]]>
  </system-out>
</testsuite> <!-- GroupExecution.Customer -->
