<?xml version="1.0" encoding="UTF-8"?>
<!-- Generated by org.testng.reporters.JUnitReportReporter -->
<testsuite skipped="0" hostname="admin" name="DistributedParallel.Update" tests="2" failures="0" timestamp="2022-11-15T14:06:46 IST" time="0.004" errors="0">
  <testcase name="updateCustomer" time="0.002" classname="DistributedParallel.Update"/>
  <system-out>
    <![CDATA[updateCustomer]]>
  </system-out>
  <testcase name="updateReception" time="0.002" classname="DistributedParallel.Update"/>
  <system-out>
    <![CDATA[updateReception]]>
  </system-out>
</testsuite> <!-- DistributedParallel.Update -->
