<?xml version="1.0" encoding="UTF-8"?>
<!-- Generated by org.testng.reporters.JUnitReportReporter -->
<testsuite skipped="0" hostname="admin" name="BatchExecution.Modify" tests="2" failures="0" timestamp="2022-11-11T08:18:51 IST" time="0.012" errors="0">
  <testcase name="modifyCustomer" time="0.006" classname="BatchExecution.Modify"/>
  <system-out>
    <![CDATA[modifyCustomer]]>
  </system-out>
  <testcase name="modifyReception" time="0.006" classname="BatchExecution.Modify"/>
  <system-out>
    <![CDATA[modifyReception]]>
  </system-out>
</testsuite> <!-- BatchExecution.Modify -->
